actionid=zuul
msg=getenv
cmdargs=[local('/project-config/.tox/zuul/bin/pip'), 'install', '--pre', 'PyYAML']
env={'PYTHONIOENCODING': 'utf_8', 'http_proxy': 'http://www-proxy.us.oracle.com:80/', 'LESSOPEN': '| /usr/bin/lesspipe %s', 'LOGNAME': 'root', 'USER': 'root', 'PATH': '/project-config/.tox/zuul/bin:/usr/local/sbin:/usr/local/bin:/usr/sbin:/usr/bin:/sbin:/bin:/usr/games:/usr/local/games', 'HOME': '/project-config/.tox/zuul/tmp/pseudo-home', 'LANG': 'en_US.UTF-8', 'TERM': 'xterm', 'SHELL': '/bin/bash', 'SHLVL': '2', 'MC_TMPDIR': '/tmp/mc-root', 'https_proxy': 'http://www-proxy.us.oracle.com:80/', 'PIP_CONFIG_FILE': '/etc/pip.conf', 'SUDO_USER': 'o3lroot', 'USERNAME': 'root', 'XDG_RUNTIME_DIR': '/run/user/1000', 'MC_SID': '16242', 'SUDO_UID': '1000', 'XDG_SESSION_ID': '4', '_': '/usr/bin/tox', 'SUDO_COMMAND': '/bin/su', 'SUDO_GID': '1000', 'LESSCLOSE': '/usr/bin/lesspipe %s %s', 'OLDPWD': '/project-config/jenkins', 'HISTCONTROL': 'ignoredups:ignorespace', 'PWD': '/project-config', 'MAIL': '/var/mail/root', 'LS_COLORS': 'rs=0:di=01;34:ln=01;36:mh=00:pi=40;33:so=01;35:do=01;35:bd=40;33;01:cd=40;33;01:or=40;31;01:su=37;41:sg=30;43:ca=30;41:tw=30;42:ow=34;42:st=37;44:ex=01;32:*.tar=01;31:*.tgz=01;31:*.arj=01;31:*.taz=01;31:*.lzh=01;31:*.lzma=01;31:*.tlz=01;31:*.txz=01;31:*.zip=01;31:*.z=01;31:*.Z=01;31:*.dz=01;31:*.gz=01;31:*.lz=01;31:*.xz=01;31:*.bz2=01;31:*.bz=01;31:*.tbz=01;31:*.tbz2=01;31:*.tz=01;31:*.deb=01;31:*.rpm=01;31:*.jar=01;31:*.war=01;31:*.ear=01;31:*.sar=01;31:*.rar=01;31:*.ace=01;31:*.zoo=01;31:*.cpio=01;31:*.7z=01;31:*.rz=01;31:*.jpg=01;35:*.jpeg=01;35:*.gif=01;35:*.bmp=01;35:*.pbm=01;35:*.pgm=01;35:*.ppm=01;35:*.tga=01;35:*.xbm=01;35:*.xpm=01;35:*.tif=01;35:*.tiff=01;35:*.png=01;35:*.svg=01;35:*.svgz=01;35:*.mng=01;35:*.pcx=01;35:*.mov=01;35:*.mpg=01;35:*.mpeg=01;35:*.m2v=01;35:*.mkv=01;35:*.webm=01;35:*.ogm=01;35:*.mp4=01;35:*.m4v=01;35:*.mp4v=01;35:*.vob=01;35:*.qt=01;35:*.nuv=01;35:*.wmv=01;35:*.asf=01;35:*.rm=01;35:*.rmvb=01;35:*.flc=01;35:*.avi=01;35:*.fli=01;35:*.flv=01;35:*.gl=01;35:*.dl=01;35:*.xcf=01;35:*.xwd=01;35:*.yuv=01;35:*.cgm=01;35:*.emf=01;35:*.axv=01;35:*.anx=01;35:*.ogv=01;35:*.ogx=01;35:*.aac=00;36:*.au=00;36:*.flac=00;36:*.mid=00;36:*.midi=00;36:*.mka=00;36:*.mp3=00;36:*.mpc=00;36:*.ogg=00;36:*.ra=00;36:*.wav=00;36:*.axa=00;36:*.oga=00;36:*.spx=00;36:*.xspf=00;36:'}
Downloading/unpacking PyYAML
  Running setup.py (path:/project-config/.tox/zuul/build/PyYAML/setup.py) egg_info for package PyYAML
    
Installing collected packages: PyYAML
  Running setup.py install for PyYAML
    checking if libyaml is compilable
    x86_64-linux-gnu-gcc -pthread -fno-strict-aliasing -DNDEBUG -g -fwrapv -O2 -Wall -Wstrict-prototypes -fPIC -I/usr/include/python2.7 -c build/temp.linux-x86_64-2.7/check_libyaml.c -o build/temp.linux-x86_64-2.7/check_libyaml.o
    checking if libyaml is linkable
    x86_64-linux-gnu-gcc -pthread build/temp.linux-x86_64-2.7/check_libyaml.o -lyaml -o build/temp.linux-x86_64-2.7/check_libyaml
    building '_yaml' extension
    x86_64-linux-gnu-gcc -pthread -fno-strict-aliasing -DNDEBUG -g -fwrapv -O2 -Wall -Wstrict-prototypes -fPIC -I/usr/include/python2.7 -c ext/_yaml.c -o build/temp.linux-x86_64-2.7/ext/_yaml.o
    In file included from ext/_yaml.c:271:0:
    ext/_yaml.h:6:0: warning: "PyUnicode_FromString" redefined [enabled by default]
     #define PyUnicode_FromString(s) PyUnicode_DecodeUTF8((s), strlen(s), "strict")
     ^
    In file included from /usr/include/python2.7/Python.h:85:0,
                     from ext/_yaml.c:4:
    /usr/include/python2.7/unicodeobject.h:281:0: note: this is the location of the previous definition
     # define PyUnicode_FromString PyUnicodeUCS4_FromString
     ^
    ext/_yaml.c: In function ‘__pyx_pf_5_yaml_get_version_string’:
    ext/_yaml.c:1410:17: warning: assignment discards ‘const’ qualifier from pointer target type [enabled by default]
       __pyx_v_value = yaml_get_version_string();
                     ^
    ext/_yaml.c: In function ‘__pyx_pf_5_yaml_7CParser___init__’:
    ext/_yaml.c:2577:5: warning: passing argument 2 of ‘yaml_parser_set_input’ from incompatible pointer type [enabled by default]
         yaml_parser_set_input((&__pyx_v_self->parser), __pyx_f_5_yaml_input_handler, ((void *)__pyx_v_self));
         ^
    In file included from ext/_yaml.h:2:0,
                     from ext/_yaml.c:271:
    /usr/include/yaml.h:1367:1: note: expected ‘int (*)(void *, unsigned char *, size_t,  size_t *)’ but argument is of type ‘int (*)(void *, char *, size_t,  size_t *)’
     yaml_parser_set_input(yaml_parser_t *parser,
     ^
    ext/_yaml.c:2818:5: warning: pointer targets in passing argument 2 of ‘yaml_parser_set_input_string’ differ in signedness [-Wpointer-sign]
         yaml_parser_set_input_string((&__pyx_v_self->parser), PyString_AS_STRING(__pyx_v_stream), PyString_GET_SIZE(__pyx_v_stream));
         ^
    In file included from ext/_yaml.h:2:0,
                     from ext/_yaml.c:271:
    /usr/include/yaml.h:1341:1: note: expected ‘const unsigned char *’ but argument is of type ‘char *’
     yaml_parser_set_input_string(yaml_parser_t *parser,
     ^
    ext/_yaml.c: In function ‘__pyx_f_5_yaml_7CParser__token_to_object’:
    ext/_yaml.c:4572:5: warning: pointer targets in passing argument 1 of ‘strlen’ differ in signedness [-Wpointer-sign]
         __pyx_t_2 = PyUnicode_FromString(__pyx_v_token->data.tag_directive.handle); if (unlikely(!__pyx_t_2)) __PYX_ERR(0, 417, __pyx_L1_error)
         ^
    In file included from /usr/include/python2.7/Python.h:38:0,
                     from ext/_yaml.c:4:
    /usr/include/string.h:399:15: note: expected ‘const char *’ but argument is of type ‘yaml_char_t *’
     extern size_t strlen (const char *__s)
                   ^
    ext/_yaml.c:4572:5: warning: pointer targets in passing argument 1 of ‘PyUnicodeUCS4_DecodeUTF8’ differ in signedness [-Wpointer-sign]
         __pyx_t_2 = PyUnicode_FromString(__pyx_v_token->data.tag_directive.handle); if (unlikely(!__pyx_t_2)) __PYX_ERR(0, 417, __pyx_L1_error)
         ^
    In file included from /usr/include/python2.7/Python.h:85:0,
                     from ext/_yaml.c:4:
    /usr/include/python2.7/unicodeobject.h:261:31: note: expected ‘const char *’ but argument is of type ‘yaml_char_t *’
     # define PyUnicode_DecodeUTF8 PyUnicodeUCS4_DecodeUTF8
                                   ^
    /usr/include/python2.7/unicodeobject.h:750:23: note: in expansion of macro ‘PyUnicode_DecodeUTF8’
     PyAPI_FUNC(PyObject*) PyUnicode_DecodeUTF8(
                           ^
    ext/_yaml.c:4584:5: warning: pointer targets in passing argument 1 of ‘strlen’ differ in signedness [-Wpointer-sign]
         __pyx_t_2 = PyUnicode_FromString(__pyx_v_token->data.tag_directive.prefix); if (unlikely(!__pyx_t_2)) __PYX_ERR(0, 418, __pyx_L1_error)
         ^
    In file included from /usr/include/python2.7/Python.h:38:0,
                     from ext/_yaml.c:4:
    /usr/include/string.h:399:15: note: expected ‘const char *’ but argument is of type ‘yaml_char_t *’
     extern size_t strlen (const char *__s)
                   ^
    ext/_yaml.c:4584:5: warning: pointer targets in passing argument 1 of ‘PyUnicodeUCS4_DecodeUTF8’ differ in signedness [-Wpointer-sign]
         __pyx_t_2 = PyUnicode_FromString(__pyx_v_token->data.tag_directive.prefix); if (unlikely(!__pyx_t_2)) __PYX_ERR(0, 418, __pyx_L1_error)
         ^
    In file included from /usr/include/python2.7/Python.h:85:0,
                     from ext/_yaml.c:4:
    /usr/include/python2.7/unicodeobject.h:261:31: note: expected ‘const char *’ but argument is of type ‘yaml_char_t *’
     # define PyUnicode_DecodeUTF8 PyUnicodeUCS4_DecodeUTF8
                                   ^
    /usr/include/python2.7/unicodeobject.h:750:23: note: in expansion of macro ‘PyUnicode_DecodeUTF8’
     PyAPI_FUNC(PyObject*) PyUnicode_DecodeUTF8(
                           ^
    ext/_yaml.c:5444:5: warning: pointer targets in passing argument 1 of ‘strlen’ differ in signedness [-Wpointer-sign]
         __pyx_t_2 = PyUnicode_FromString(__pyx_v_token->data.alias.value); if (unlikely(!__pyx_t_2)) __PYX_ERR(0, 448, __pyx_L1_error)
         ^
    In file included from /usr/include/python2.7/Python.h:38:0,
                     from ext/_yaml.c:4:
    /usr/include/string.h:399:15: note: expected ‘const char *’ but argument is of type ‘yaml_char_t *’
     extern size_t strlen (const char *__s)
                   ^
    ext/_yaml.c:5444:5: warning: pointer targets in passing argument 1 of ‘PyUnicodeUCS4_DecodeUTF8’ differ in signedness [-Wpointer-sign]
         __pyx_t_2 = PyUnicode_FromString(__pyx_v_token->data.alias.value); if (unlikely(!__pyx_t_2)) __PYX_ERR(0, 448, __pyx_L1_error)
         ^
    In file included from /usr/include/python2.7/Python.h:85:0,
                     from ext/_yaml.c:4:
    /usr/include/python2.7/unicodeobject.h:261:31: note: expected ‘const char *’ but argument is of type ‘yaml_char_t *’
     # define PyUnicode_DecodeUTF8 PyUnicodeUCS4_DecodeUTF8
                                   ^
    /usr/include/python2.7/unicodeobject.h:750:23: note: in expansion of macro ‘PyUnicode_DecodeUTF8’
     PyAPI_FUNC(PyObject*) PyUnicode_DecodeUTF8(
                           ^
    ext/_yaml.c:5518:5: warning: pointer targets in passing argument 1 of ‘strlen’ differ in signedness [-Wpointer-sign]
         __pyx_t_2 = PyUnicode_FromString(__pyx_v_token->data.anchor.value); if (unlikely(!__pyx_t_2)) __PYX_ERR(0, 451, __pyx_L1_error)
         ^
    In file included from /usr/include/python2.7/Python.h:38:0,
                     from ext/_yaml.c:4:
    /usr/include/string.h:399:15: note: expected ‘const char *’ but argument is of type ‘yaml_char_t *’
     extern size_t strlen (const char *__s)
                   ^
    ext/_yaml.c:5518:5: warning: pointer targets in passing argument 1 of ‘PyUnicodeUCS4_DecodeUTF8’ differ in signedness [-Wpointer-sign]
         __pyx_t_2 = PyUnicode_FromString(__pyx_v_token->data.anchor.value); if (unlikely(!__pyx_t_2)) __PYX_ERR(0, 451, __pyx_L1_error)
         ^
    In file included from /usr/include/python2.7/Python.h:85:0,
                     from ext/_yaml.c:4:
    /usr/include/python2.7/unicodeobject.h:261:31: note: expected ‘const char *’ but argument is of type ‘yaml_char_t *’
     # define PyUnicode_DecodeUTF8 PyUnicodeUCS4_DecodeUTF8
                                   ^
    /usr/include/python2.7/unicodeobject.h:750:23: note: in expansion of macro ‘PyUnicode_DecodeUTF8’
     PyAPI_FUNC(PyObject*) PyUnicode_DecodeUTF8(
                           ^
    ext/_yaml.c:5592:5: warning: pointer targets in passing argument 1 of ‘strlen’ differ in signedness [-Wpointer-sign]
         __pyx_t_2 = PyUnicode_FromString(__pyx_v_token->data.tag.handle); if (unlikely(!__pyx_t_2)) __PYX_ERR(0, 454, __pyx_L1_error)
         ^
    In file included from /usr/include/python2.7/Python.h:38:0,
                     from ext/_yaml.c:4:
    /usr/include/string.h:399:15: note: expected ‘const char *’ but argument is of type ‘yaml_char_t *’
     extern size_t strlen (const char *__s)
                   ^
    ext/_yaml.c:5592:5: warning: pointer targets in passing argument 1 of ‘PyUnicodeUCS4_DecodeUTF8’ differ in signedness [-Wpointer-sign]
         __pyx_t_2 = PyUnicode_FromString(__pyx_v_token->data.tag.handle); if (unlikely(!__pyx_t_2)) __PYX_ERR(0, 454, __pyx_L1_error)
         ^
    In file included from /usr/include/python2.7/Python.h:85:0,
                     from ext/_yaml.c:4:
    /usr/include/python2.7/unicodeobject.h:261:31: note: expected ‘const char *’ but argument is of type ‘yaml_char_t *’
     # define PyUnicode_DecodeUTF8 PyUnicodeUCS4_DecodeUTF8
                                   ^
    /usr/include/python2.7/unicodeobject.h:750:23: note: in expansion of macro ‘PyUnicode_DecodeUTF8’
     PyAPI_FUNC(PyObject*) PyUnicode_DecodeUTF8(
                           ^
    ext/_yaml.c:5604:5: warning: pointer targets in passing argument 1 of ‘strlen’ differ in signedness [-Wpointer-sign]
         __pyx_t_2 = PyUnicode_FromString(__pyx_v_token->data.tag.suffix); if (unlikely(!__pyx_t_2)) __PYX_ERR(0, 455, __pyx_L1_error)
         ^
    In file included from /usr/include/python2.7/Python.h:38:0,
                     from ext/_yaml.c:4:
    /usr/include/string.h:399:15: note: expected ‘const char *’ but argument is of type ‘yaml_char_t *’
     extern size_t strlen (const char *__s)
                   ^
    ext/_yaml.c:5604:5: warning: pointer targets in passing argument 1 of ‘PyUnicodeUCS4_DecodeUTF8’ differ in signedness [-Wpointer-sign]
         __pyx_t_2 = PyUnicode_FromString(__pyx_v_token->data.tag.suffix); if (unlikely(!__pyx_t_2)) __PYX_ERR(0, 455, __pyx_L1_error)
         ^
    In file included from /usr/include/python2.7/Python.h:85:0,
                     from ext/_yaml.c:4:
    /usr/include/python2.7/unicodeobject.h:261:31: note: expected ‘const char *’ but argument is of type ‘yaml_char_t *’
     # define PyUnicode_DecodeUTF8 PyUnicodeUCS4_DecodeUTF8
                                   ^
    /usr/include/python2.7/unicodeobject.h:750:23: note: in expansion of macro ‘PyUnicode_DecodeUTF8’
     PyAPI_FUNC(PyObject*) PyUnicode_DecodeUTF8(
                           ^
    ext/_yaml.c:5716:5: warning: pointer targets in passing argument 1 of ‘PyUnicodeUCS4_DecodeUTF8’ differ in signedness [-Wpointer-sign]
         __pyx_t_2 = PyUnicode_DecodeUTF8(__pyx_v_token->data.scalar.value, __pyx_v_token->data.scalar.length, ((char *)"strict")); if (unlikely(!__pyx_t_2)) __PYX_ERR(0, 460, __pyx_L1_error)
         ^
    In file included from /usr/include/python2.7/Python.h:85:0,
                     from ext/_yaml.c:4:
    /usr/include/python2.7/unicodeobject.h:261:31: note: expected ‘const char *’ but argument is of type ‘yaml_char_t *’
     # define PyUnicode_DecodeUTF8 PyUnicodeUCS4_DecodeUTF8
                                   ^
    /usr/include/python2.7/unicodeobject.h:750:23: note: in expansion of macro ‘PyUnicode_DecodeUTF8’
     PyAPI_FUNC(PyObject*) PyUnicode_DecodeUTF8(
                           ^
    ext/_yaml.c: In function ‘__pyx_f_5_yaml_7CParser__event_to_object’:
    ext/_yaml.c:7424:9: warning: pointer targets in passing argument 1 of ‘strlen’ differ in signedness [-Wpointer-sign]
             __pyx_t_4 = PyUnicode_FromString(__pyx_v_tag_directive->handle); if (unlikely(!__pyx_t_4)) __PYX_ERR(0, 574, __pyx_L1_error)
             ^
    In file included from /usr/include/python2.7/Python.h:38:0,
                     from ext/_yaml.c:4:
    /usr/include/string.h:399:15: note: expected ‘const char *’ but argument is of type ‘yaml_char_t *’
     extern size_t strlen (const char *__s)
                   ^
    ext/_yaml.c:7424:9: warning: pointer targets in passing argument 1 of ‘PyUnicodeUCS4_DecodeUTF8’ differ in signedness [-Wpointer-sign]
             __pyx_t_4 = PyUnicode_FromString(__pyx_v_tag_directive->handle); if (unlikely(!__pyx_t_4)) __PYX_ERR(0, 574, __pyx_L1_error)
             ^
    In file included from /usr/include/python2.7/Python.h:85:0,
                     from ext/_yaml.c:4:
    /usr/include/python2.7/unicodeobject.h:261:31: note: expected ‘const char *’ but argument is of type ‘yaml_char_t *’
     # define PyUnicode_DecodeUTF8 PyUnicodeUCS4_DecodeUTF8
                                   ^
    /usr/include/python2.7/unicodeobject.h:750:23: note: in expansion of macro ‘PyUnicode_DecodeUTF8’
     PyAPI_FUNC(PyObject*) PyUnicode_DecodeUTF8(
                           ^
    ext/_yaml.c:7436:9: warning: pointer targets in passing argument 1 of ‘strlen’ differ in signedness [-Wpointer-sign]
             __pyx_t_4 = PyUnicode_FromString(__pyx_v_tag_directive->prefix); if (unlikely(!__pyx_t_4)) __PYX_ERR(0, 575, __pyx_L1_error)
             ^
    In file included from /usr/include/python2.7/Python.h:38:0,
                     from ext/_yaml.c:4:
    /usr/include/string.h:399:15: note: expected ‘const char *’ but argument is of type ‘yaml_char_t *’
     extern size_t strlen (const char *__s)
                   ^
    ext/_yaml.c:7436:9: warning: pointer targets in passing argument 1 of ‘PyUnicodeUCS4_DecodeUTF8’ differ in signedness [-Wpointer-sign]
             __pyx_t_4 = PyUnicode_FromString(__pyx_v_tag_directive->prefix); if (unlikely(!__pyx_t_4)) __PYX_ERR(0, 575, __pyx_L1_error)
             ^
    In file included from /usr/include/python2.7/Python.h:85:0,
                     from ext/_yaml.c:4:
    /usr/include/python2.7/unicodeobject.h:261:31: note: expected ‘const char *’ but argument is of type ‘yaml_char_t *’
     # define PyUnicode_DecodeUTF8 PyUnicodeUCS4_DecodeUTF8
                                   ^
    /usr/include/python2.7/unicodeobject.h:750:23: note: in expansion of macro ‘PyUnicode_DecodeUTF8’
     PyAPI_FUNC(PyObject*) PyUnicode_DecodeUTF8(
                           ^
    ext/_yaml.c:7655:5: warning: pointer targets in passing argument 1 of ‘strlen’ differ in signedness [-Wpointer-sign]
         __pyx_t_4 = PyUnicode_FromString(__pyx_v_event->data.alias.anchor); if (unlikely(!__pyx_t_4)) __PYX_ERR(0, 586, __pyx_L1_error)
         ^
    In file included from /usr/include/python2.7/Python.h:38:0,
                     from ext/_yaml.c:4:
    /usr/include/string.h:399:15: note: expected ‘const char *’ but argument is of type ‘yaml_char_t *’
     extern size_t strlen (const char *__s)
                   ^
    ext/_yaml.c:7655:5: warning: pointer targets in passing argument 1 of ‘PyUnicodeUCS4_DecodeUTF8’ differ in signedness [-Wpointer-sign]
         __pyx_t_4 = PyUnicode_FromString(__pyx_v_event->data.alias.anchor); if (unlikely(!__pyx_t_4)) __PYX_ERR(0, 586, __pyx_L1_error)
         ^
    In file included from /usr/include/python2.7/Python.h:85:0,
                     from ext/_yaml.c:4:
    /usr/include/python2.7/unicodeobject.h:261:31: note: expected ‘const char *’ but argument is of type ‘yaml_char_t *’
     # define PyUnicode_DecodeUTF8 PyUnicodeUCS4_DecodeUTF8
                                   ^
    /usr/include/python2.7/unicodeobject.h:750:23: note: in expansion of macro ‘PyUnicode_DecodeUTF8’
     PyAPI_FUNC(PyObject*) PyUnicode_DecodeUTF8(
                           ^
    ext/_yaml.c:7749:7: warning: pointer targets in passing argument 1 of ‘strlen’ differ in signedness [-Wpointer-sign]
           __pyx_t_4 = PyUnicode_FromString(__pyx_v_event->data.scalar.anchor); if (unlikely(!__pyx_t_4)) __PYX_ERR(0, 591, __pyx_L1_error)
           ^
    In file included from /usr/include/python2.7/Python.h:38:0,
                     from ext/_yaml.c:4:
    /usr/include/string.h:399:15: note: expected ‘const char *’ but argument is of type ‘yaml_char_t *’
     extern size_t strlen (const char *__s)
                   ^
    ext/_yaml.c:7749:7: warning: pointer targets in passing argument 1 of ‘PyUnicodeUCS4_DecodeUTF8’ differ in signedness [-Wpointer-sign]
           __pyx_t_4 = PyUnicode_FromString(__pyx_v_event->data.scalar.anchor); if (unlikely(!__pyx_t_4)) __PYX_ERR(0, 591, __pyx_L1_error)
           ^
    In file included from /usr/include/python2.7/Python.h:85:0,
                     from ext/_yaml.c:4:
    /usr/include/python2.7/unicodeobject.h:261:31: note: expected ‘const char *’ but argument is of type ‘yaml_char_t *’
     # define PyUnicode_DecodeUTF8 PyUnicodeUCS4_DecodeUTF8
                                   ^
    /usr/include/python2.7/unicodeobject.h:750:23: note: in expansion of macro ‘PyUnicode_DecodeUTF8’
     PyAPI_FUNC(PyObject*) PyUnicode_DecodeUTF8(
                           ^
    ext/_yaml.c:7790:7: warning: pointer targets in passing argument 1 of ‘strlen’ differ in signedness [-Wpointer-sign]
           __pyx_t_4 = PyUnicode_FromString(__pyx_v_event->data.scalar.tag); if (unlikely(!__pyx_t_4)) __PYX_ERR(0, 594, __pyx_L1_error)
           ^
    In file included from /usr/include/python2.7/Python.h:38:0,
                     from ext/_yaml.c:4:
    /usr/include/string.h:399:15: note: expected ‘const char *’ but argument is of type ‘yaml_char_t *’
     extern size_t strlen (const char *__s)
                   ^
    ext/_yaml.c:7790:7: warning: pointer targets in passing argument 1 of ‘PyUnicodeUCS4_DecodeUTF8’ differ in signedness [-Wpointer-sign]
           __pyx_t_4 = PyUnicode_FromString(__pyx_v_event->data.scalar.tag); if (unlikely(!__pyx_t_4)) __PYX_ERR(0, 594, __pyx_L1_error)
           ^
    In file included from /usr/include/python2.7/Python.h:85:0,
                     from ext/_yaml.c:4:
    /usr/include/python2.7/unicodeobject.h:261:31: note: expected ‘const char *’ but argument is of type ‘yaml_char_t *’
     # define PyUnicode_DecodeUTF8 PyUnicodeUCS4_DecodeUTF8
                                   ^
    /usr/include/python2.7/unicodeobject.h:750:23: note: in expansion of macro ‘PyUnicode_DecodeUTF8’
     PyAPI_FUNC(PyObject*) PyUnicode_DecodeUTF8(
                           ^
    ext/_yaml.c:7811:5: warning: pointer targets in passing argument 1 of ‘PyUnicodeUCS4_DecodeUTF8’ differ in signedness [-Wpointer-sign]
         __pyx_t_4 = PyUnicode_DecodeUTF8(__pyx_v_event->data.scalar.value, __pyx_v_event->data.scalar.length, ((char *)"strict")); if (unlikely(!__pyx_t_4)) __PYX_ERR(0, 595, __pyx_L1_error)
         ^
    In file included from /usr/include/python2.7/Python.h:85:0,
                     from ext/_yaml.c:4:
    /usr/include/python2.7/unicodeobject.h:261:31: note: expected ‘const char *’ but argument is of type ‘yaml_char_t *’
     # define PyUnicode_DecodeUTF8 PyUnicodeUCS4_DecodeUTF8
                                   ^
    /usr/include/python2.7/unicodeobject.h:750:23: note: in expansion of macro ‘PyUnicode_DecodeUTF8’
     PyAPI_FUNC(PyObject*) PyUnicode_DecodeUTF8(
                           ^
    ext/_yaml.c:8179:7: warning: pointer targets in passing argument 1 of ‘strlen’ differ in signedness [-Wpointer-sign]
           __pyx_t_4 = PyUnicode_FromString(__pyx_v_event->data.sequence_start.anchor); if (unlikely(!__pyx_t_4)) __PYX_ERR(0, 620, __pyx_L1_error)
           ^
    In file included from /usr/include/python2.7/Python.h:38:0,
                     from ext/_yaml.c:4:
    /usr/include/string.h:399:15: note: expected ‘const char *’ but argument is of type ‘yaml_char_t *’
     extern size_t strlen (const char *__s)
                   ^
    ext/_yaml.c:8179:7: warning: pointer targets in passing argument 1 of ‘PyUnicodeUCS4_DecodeUTF8’ differ in signedness [-Wpointer-sign]
           __pyx_t_4 = PyUnicode_FromString(__pyx_v_event->data.sequence_start.anchor); if (unlikely(!__pyx_t_4)) __PYX_ERR(0, 620, __pyx_L1_error)
           ^
    In file included from /usr/include/python2.7/Python.h:85:0,
                     from ext/_yaml.c:4:
    /usr/include/python2.7/unicodeobject.h:261:31: note: expected ‘const char *’ but argument is of type ‘yaml_char_t *’
     # define PyUnicode_DecodeUTF8 PyUnicodeUCS4_DecodeUTF8
                                   ^
    /usr/include/python2.7/unicodeobject.h:750:23: note: in expansion of macro ‘PyUnicode_DecodeUTF8’
     PyAPI_FUNC(PyObject*) PyUnicode_DecodeUTF8(
                           ^
    ext/_yaml.c:8220:7: warning: pointer targets in passing argument 1 of ‘strlen’ differ in signedness [-Wpointer-sign]
           __pyx_t_4 = PyUnicode_FromString(__pyx_v_event->data.sequence_start.tag); if (unlikely(!__pyx_t_4)) __PYX_ERR(0, 623, __pyx_L1_error)
           ^
    In file included from /usr/include/python2.7/Python.h:38:0,
                     from ext/_yaml.c:4:
    /usr/include/string.h:399:15: note: expected ‘const char *’ but argument is of type ‘yaml_char_t *’
     extern size_t strlen (const char *__s)
                   ^
    ext/_yaml.c:8220:7: warning: pointer targets in passing argument 1 of ‘PyUnicodeUCS4_DecodeUTF8’ differ in signedness [-Wpointer-sign]
           __pyx_t_4 = PyUnicode_FromString(__pyx_v_event->data.sequence_start.tag); if (unlikely(!__pyx_t_4)) __PYX_ERR(0, 623, __pyx_L1_error)
           ^
    In file included from /usr/include/python2.7/Python.h:85:0,
                     from ext/_yaml.c:4:
    /usr/include/python2.7/unicodeobject.h:261:31: note: expected ‘const char *’ but argument is of type ‘yaml_char_t *’
     # define PyUnicode_DecodeUTF8 PyUnicodeUCS4_DecodeUTF8
                                   ^
    /usr/include/python2.7/unicodeobject.h:750:23: note: in expansion of macro ‘PyUnicode_DecodeUTF8’
     PyAPI_FUNC(PyObject*) PyUnicode_DecodeUTF8(
                           ^
    ext/_yaml.c:8449:7: warning: pointer targets in passing argument 1 of ‘strlen’ differ in signedness [-Wpointer-sign]
           __pyx_t_4 = PyUnicode_FromString(__pyx_v_event->data.mapping_start.anchor); if (unlikely(!__pyx_t_4)) __PYX_ERR(0, 637, __pyx_L1_error)
           ^
    In file included from /usr/include/python2.7/Python.h:38:0,
                     from ext/_yaml.c:4:
    /usr/include/string.h:399:15: note: expected ‘const char *’ but argument is of type ‘yaml_char_t *’
     extern size_t strlen (const char *__s)
                   ^
    ext/_yaml.c:8449:7: warning: pointer targets in passing argument 1 of ‘PyUnicodeUCS4_DecodeUTF8’ differ in signedness [-Wpointer-sign]
           __pyx_t_4 = PyUnicode_FromString(__pyx_v_event->data.mapping_start.anchor); if (unlikely(!__pyx_t_4)) __PYX_ERR(0, 637, __pyx_L1_error)
           ^
    In file included from /usr/include/python2.7/Python.h:85:0,
                     from ext/_yaml.c:4:
    /usr/include/python2.7/unicodeobject.h:261:31: note: expected ‘const char *’ but argument is of type ‘yaml_char_t *’
     # define PyUnicode_DecodeUTF8 PyUnicodeUCS4_DecodeUTF8
                                   ^
    /usr/include/python2.7/unicodeobject.h:750:23: note: in expansion of macro ‘PyUnicode_DecodeUTF8’
     PyAPI_FUNC(PyObject*) PyUnicode_DecodeUTF8(
                           ^
    ext/_yaml.c:8490:7: warning: pointer targets in passing argument 1 of ‘strlen’ differ in signedness [-Wpointer-sign]
           __pyx_t_4 = PyUnicode_FromString(__pyx_v_event->data.mapping_start.tag); if (unlikely(!__pyx_t_4)) __PYX_ERR(0, 640, __pyx_L1_error)
           ^
    In file included from /usr/include/python2.7/Python.h:38:0,
                     from ext/_yaml.c:4:
    /usr/include/string.h:399:15: note: expected ‘const char *’ but argument is of type ‘yaml_char_t *’
     extern size_t strlen (const char *__s)
                   ^
    ext/_yaml.c:8490:7: warning: pointer targets in passing argument 1 of ‘PyUnicodeUCS4_DecodeUTF8’ differ in signedness [-Wpointer-sign]
           __pyx_t_4 = PyUnicode_FromString(__pyx_v_event->data.mapping_start.tag); if (unlikely(!__pyx_t_4)) __PYX_ERR(0, 640, __pyx_L1_error)
           ^
    In file included from /usr/include/python2.7/Python.h:85:0,
                     from ext/_yaml.c:4:
    /usr/include/python2.7/unicodeobject.h:261:31: note: expected ‘const char *’ but argument is of type ‘yaml_char_t *’
     # define PyUnicode_DecodeUTF8 PyUnicodeUCS4_DecodeUTF8
                                   ^
    /usr/include/python2.7/unicodeobject.h:750:23: note: in expansion of macro ‘PyUnicode_DecodeUTF8’
     PyAPI_FUNC(PyObject*) PyUnicode_DecodeUTF8(
                           ^
    ext/_yaml.c: In function ‘__pyx_f_5_yaml_7CParser__compose_node’:
    ext/_yaml.c:10094:5: warning: pointer targets in passing argument 1 of ‘strlen’ differ in signedness [-Wpointer-sign]
         __pyx_t_3 = PyUnicode_FromString(__pyx_v_self->parsed_event.data.alias.anchor); if (unlikely(!__pyx_t_3)) __PYX_ERR(0, 734, __pyx_L1_error)
         ^
    In file included from /usr/include/python2.7/Python.h:38:0,
                     from ext/_yaml.c:4:
    /usr/include/string.h:399:15: note: expected ‘const char *’ but argument is of type ‘yaml_char_t *’
     extern size_t strlen (const char *__s)
                   ^
    ext/_yaml.c:10094:5: warning: pointer targets in passing argument 1 of ‘PyUnicodeUCS4_DecodeUTF8’ differ in signedness [-Wpointer-sign]
         __pyx_t_3 = PyUnicode_FromString(__pyx_v_self->parsed_event.data.alias.anchor); if (unlikely(!__pyx_t_3)) __PYX_ERR(0, 734, __pyx_L1_error)
         ^
    In file included from /usr/include/python2.7/Python.h:85:0,
                     from ext/_yaml.c:4:
    /usr/include/python2.7/unicodeobject.h:261:31: note: expected ‘const char *’ but argument is of type ‘yaml_char_t *’
     # define PyUnicode_DecodeUTF8 PyUnicodeUCS4_DecodeUTF8
                                   ^
    /usr/include/python2.7/unicodeobject.h:750:23: note: in expansion of macro ‘PyUnicode_DecodeUTF8’
     PyAPI_FUNC(PyObject*) PyUnicode_DecodeUTF8(
                           ^
    ext/_yaml.c:10378:5: warning: pointer targets in passing argument 1 of ‘strlen’ differ in signedness [-Wpointer-sign]
         __pyx_t_6 = PyUnicode_FromString(__pyx_v_self->parsed_event.data.scalar.anchor); if (unlikely(!__pyx_t_6)) __PYX_ERR(0, 750, __pyx_L1_error)
         ^
    In file included from /usr/include/python2.7/Python.h:38:0,
                     from ext/_yaml.c:4:
    /usr/include/string.h:399:15: note: expected ‘const char *’ but argument is of type ‘yaml_char_t *’
     extern size_t strlen (const char *__s)
                   ^
    ext/_yaml.c:10378:5: warning: pointer targets in passing argument 1 of ‘PyUnicodeUCS4_DecodeUTF8’ differ in signedness [-Wpointer-sign]
         __pyx_t_6 = PyUnicode_FromString(__pyx_v_self->parsed_event.data.scalar.anchor); if (unlikely(!__pyx_t_6)) __PYX_ERR(0, 750, __pyx_L1_error)
         ^
    In file included from /usr/include/python2.7/Python.h:85:0,
                     from ext/_yaml.c:4:
    /usr/include/python2.7/unicodeobject.h:261:31: note: expected ‘const char *’ but argument is of type ‘yaml_char_t *’
     # define PyUnicode_DecodeUTF8 PyUnicodeUCS4_DecodeUTF8
                                   ^
    /usr/include/python2.7/unicodeobject.h:750:23: note: in expansion of macro ‘PyUnicode_DecodeUTF8’
     PyAPI_FUNC(PyObject*) PyUnicode_DecodeUTF8(
                           ^
    ext/_yaml.c:10434:5: warning: pointer targets in passing argument 1 of ‘strlen’ differ in signedness [-Wpointer-sign]
         __pyx_t_6 = PyUnicode_FromString(__pyx_v_self->parsed_event.data.sequence_start.anchor); if (unlikely(!__pyx_t_6)) __PYX_ERR(0, 753, __pyx_L1_error)
         ^
    In file included from /usr/include/python2.7/Python.h:38:0,
                     from ext/_yaml.c:4:
    /usr/include/string.h:399:15: note: expected ‘const char *’ but argument is of type ‘yaml_char_t *’
     extern size_t strlen (const char *__s)
                   ^
    ext/_yaml.c:10434:5: warning: pointer targets in passing argument 1 of ‘PyUnicodeUCS4_DecodeUTF8’ differ in signedness [-Wpointer-sign]
         __pyx_t_6 = PyUnicode_FromString(__pyx_v_self->parsed_event.data.sequence_start.anchor); if (unlikely(!__pyx_t_6)) __PYX_ERR(0, 753, __pyx_L1_error)
         ^
    In file included from /usr/include/python2.7/Python.h:85:0,
                     from ext/_yaml.c:4:
    /usr/include/python2.7/unicodeobject.h:261:31: note: expected ‘const char *’ but argument is of type ‘yaml_char_t *’
     # define PyUnicode_DecodeUTF8 PyUnicodeUCS4_DecodeUTF8
                                   ^
    /usr/include/python2.7/unicodeobject.h:750:23: note: in expansion of macro ‘PyUnicode_DecodeUTF8’
     PyAPI_FUNC(PyObject*) PyUnicode_DecodeUTF8(
                           ^
    ext/_yaml.c:10490:5: warning: pointer targets in passing argument 1 of ‘strlen’ differ in signedness [-Wpointer-sign]
         __pyx_t_6 = PyUnicode_FromString(__pyx_v_self->parsed_event.data.mapping_start.anchor); if (unlikely(!__pyx_t_6)) __PYX_ERR(0, 756, __pyx_L1_error)
         ^
    In file included from /usr/include/python2.7/Python.h:38:0,
                     from ext/_yaml.c:4:
    /usr/include/string.h:399:15: note: expected ‘const char *’ but argument is of type ‘yaml_char_t *’
     extern size_t strlen (const char *__s)
                   ^
    ext/_yaml.c:10490:5: warning: pointer targets in passing argument 1 of ‘PyUnicodeUCS4_DecodeUTF8’ differ in signedness [-Wpointer-sign]
         __pyx_t_6 = PyUnicode_FromString(__pyx_v_self->parsed_event.data.mapping_start.anchor); if (unlikely(!__pyx_t_6)) __PYX_ERR(0, 756, __pyx_L1_error)
         ^
    In file included from /usr/include/python2.7/Python.h:85:0,
                     from ext/_yaml.c:4:
    /usr/include/python2.7/unicodeobject.h:261:31: note: expected ‘const char *’ but argument is of type ‘yaml_char_t *’
     # define PyUnicode_DecodeUTF8 PyUnicodeUCS4_DecodeUTF8
                                   ^
    /usr/include/python2.7/unicodeobject.h:750:23: note: in expansion of macro ‘PyUnicode_DecodeUTF8’
     PyAPI_FUNC(PyObject*) PyUnicode_DecodeUTF8(
                           ^
    ext/_yaml.c: In function ‘__pyx_f_5_yaml_7CParser__compose_scalar_node’:
    ext/_yaml.c:11109:3: warning: pointer targets in passing argument 1 of ‘PyUnicodeUCS4_DecodeUTF8’ differ in signedness [-Wpointer-sign]
       __pyx_t_2 = PyUnicode_DecodeUTF8(__pyx_v_self->parsed_event.data.scalar.value, __pyx_v_self->parsed_event.data.scalar.length, ((char *)"strict")); if (unlikely(!__pyx_t_2)) __PYX_ERR(0, 791, __pyx_L1_error)
       ^
    In file included from /usr/include/python2.7/Python.h:85:0,
                     from ext/_yaml.c:4:
    /usr/include/python2.7/unicodeobject.h:261:31: note: expected ‘const char *’ but argument is of type ‘yaml_char_t *’
     # define PyUnicode_DecodeUTF8 PyUnicodeUCS4_DecodeUTF8
                                   ^
    /usr/include/python2.7/unicodeobject.h:750:23: note: in expansion of macro ‘PyUnicode_DecodeUTF8’
     PyAPI_FUNC(PyObject*) PyUnicode_DecodeUTF8(
                           ^
    ext/_yaml.c:11310:5: warning: pointer targets in passing argument 1 of ‘strlen’ differ in signedness [-Wpointer-sign]
         __pyx_t_2 = PyUnicode_FromString(__pyx_v_self->parsed_event.data.scalar.tag); if (unlikely(!__pyx_t_2)) __PYX_ERR(0, 804, __pyx_L1_error)
         ^
    In file included from /usr/include/python2.7/Python.h:38:0,
                     from ext/_yaml.c:4:
    /usr/include/string.h:399:15: note: expected ‘const char *’ but argument is of type ‘yaml_char_t *’
     extern size_t strlen (const char *__s)
                   ^
    ext/_yaml.c:11310:5: warning: pointer targets in passing argument 1 of ‘PyUnicodeUCS4_DecodeUTF8’ differ in signedness [-Wpointer-sign]
         __pyx_t_2 = PyUnicode_FromString(__pyx_v_self->parsed_event.data.scalar.tag); if (unlikely(!__pyx_t_2)) __PYX_ERR(0, 804, __pyx_L1_error)
         ^
    In file included from /usr/include/python2.7/Python.h:85:0,
                     from ext/_yaml.c:4:
    /usr/include/python2.7/unicodeobject.h:261:31: note: expected ‘const char *’ but argument is of type ‘yaml_char_t *’
     # define PyUnicode_DecodeUTF8 PyUnicodeUCS4_DecodeUTF8
                                   ^
    /usr/include/python2.7/unicodeobject.h:750:23: note: in expansion of macro ‘PyUnicode_DecodeUTF8’
     PyAPI_FUNC(PyObject*) PyUnicode_DecodeUTF8(
                           ^
    ext/_yaml.c: In function ‘__pyx_f_5_yaml_7CParser__compose_sequence_node’:
    ext/_yaml.c:11841:5: warning: pointer targets in passing argument 1 of ‘strlen’ differ in signedness [-Wpointer-sign]
         __pyx_t_3 = PyUnicode_FromString(__pyx_v_self->parsed_event.data.sequence_start.tag); if (unlikely(!__pyx_t_3)) __PYX_ERR(0, 837, __pyx_L1_error)
         ^
    In file included from /usr/include/python2.7/Python.h:38:0,
                     from ext/_yaml.c:4:
    /usr/include/string.h:399:15: note: expected ‘const char *’ but argument is of type ‘yaml_char_t *’
     extern size_t strlen (const char *__s)
                   ^
    ext/_yaml.c:11841:5: warning: pointer targets in passing argument 1 of ‘PyUnicodeUCS4_DecodeUTF8’ differ in signedness [-Wpointer-sign]
         __pyx_t_3 = PyUnicode_FromString(__pyx_v_self->parsed_event.data.sequence_start.tag); if (unlikely(!__pyx_t_3)) __PYX_ERR(0, 837, __pyx_L1_error)
         ^
    In file included from /usr/include/python2.7/Python.h:85:0,
                     from ext/_yaml.c:4:
    /usr/include/python2.7/unicodeobject.h:261:31: note: expected ‘const char *’ but argument is of type ‘yaml_char_t *’
     # define PyUnicode_DecodeUTF8 PyUnicodeUCS4_DecodeUTF8
                                   ^
    /usr/include/python2.7/unicodeobject.h:750:23: note: in expansion of macro ‘PyUnicode_DecodeUTF8’
     PyAPI_FUNC(PyObject*) PyUnicode_DecodeUTF8(
                           ^
    ext/_yaml.c: In function ‘__pyx_f_5_yaml_7CParser__compose_mapping_node’:
    ext/_yaml.c:12435:5: warning: pointer targets in passing argument 1 of ‘strlen’ differ in signedness [-Wpointer-sign]
         __pyx_t_3 = PyUnicode_FromString(__pyx_v_self->parsed_event.data.mapping_start.tag); if (unlikely(!__pyx_t_3)) __PYX_ERR(0, 876, __pyx_L1_error)
         ^
    In file included from /usr/include/python2.7/Python.h:38:0,
                     from ext/_yaml.c:4:
    /usr/include/string.h:399:15: note: expected ‘const char *’ but argument is of type ‘yaml_char_t *’
     extern size_t strlen (const char *__s)
                   ^
    ext/_yaml.c:12435:5: warning: pointer targets in passing argument 1 of ‘PyUnicodeUCS4_DecodeUTF8’ differ in signedness [-Wpointer-sign]
         __pyx_t_3 = PyUnicode_FromString(__pyx_v_self->parsed_event.data.mapping_start.tag); if (unlikely(!__pyx_t_3)) __PYX_ERR(0, 876, __pyx_L1_error)
         ^
    In file included from /usr/include/python2.7/Python.h:85:0,
                     from ext/_yaml.c:4:
    /usr/include/python2.7/unicodeobject.h:261:31: note: expected ‘const char *’ but argument is of type ‘yaml_char_t *’
     # define PyUnicode_DecodeUTF8 PyUnicodeUCS4_DecodeUTF8
                                   ^
    /usr/include/python2.7/unicodeobject.h:750:23: note: in expansion of macro ‘PyUnicode_DecodeUTF8’
     PyAPI_FUNC(PyObject*) PyUnicode_DecodeUTF8(
                           ^
    ext/_yaml.c: In function ‘__pyx_pf_5_yaml_8CEmitter___init__’:
    ext/_yaml.c:13630:3: warning: passing argument 2 of ‘yaml_emitter_set_output’ from incompatible pointer type [enabled by default]
       yaml_emitter_set_output((&__pyx_v_self->emitter), __pyx_f_5_yaml_output_handler, ((void *)__pyx_v_self));
       ^
    In file included from ext/_yaml.h:2:0,
                     from ext/_yaml.c:271:
    /usr/include/yaml.h:1829:1: note: expected ‘int (*)(void *, unsigned char *, size_t)’ but argument is of type ‘int (*)(void *, char *, size_t)’
     yaml_emitter_set_output(yaml_emitter_t *emitter,
     ^
    ext/_yaml.c: In function ‘__pyx_f_5_yaml_8CEmitter__object_to_event’:
    ext/_yaml.c:15002:44: warning: pointer targets in assignment differ in signedness [-Wpointer-sign]
             __pyx_v_tag_directives_end->handle = PyString_AS_STRING(__pyx_v_handle);
                                                ^
    ext/_yaml.c:15117:44: warning: pointer targets in assignment differ in signedness [-Wpointer-sign]
             __pyx_v_tag_directives_end->prefix = PyString_AS_STRING(__pyx_v_prefix);
                                                ^
    ext/_yaml.c:15454:5: warning: pointer targets in passing argument 2 of ‘yaml_alias_event_initialize’ differ in signedness [-Wpointer-sign]
         __pyx_t_2 = ((yaml_alias_event_initialize(__pyx_v_event, __pyx_v_anchor) == 0) != 0);
         ^
    In file included from ext/_yaml.h:2:0,
                     from ext/_yaml.c:271:
    /usr/include/yaml.h:553:1: note: expected ‘yaml_char_t *’ but argument is of type ‘char *’
     yaml_alias_event_initialize(yaml_event_t *event, yaml_char_t *anchor);
     ^
    ext/_yaml.c:16169:5: warning: pointer targets in passing argument 2 of ‘yaml_scalar_event_initialize’ differ in signedness [-Wpointer-sign]
         __pyx_t_2 = ((yaml_scalar_event_initialize(__pyx_v_event, __pyx_v_anchor, __pyx_v_tag, __pyx_v_value, __pyx_v_length, __pyx_v_plain_implicit, __pyx_v_quoted_implicit, __pyx_v_scalar_style) == 0) != 0);
         ^
    In file included from ext/_yaml.h:2:0,
                     from ext/_yaml.c:271:
    /usr/include/yaml.h:578:1: note: expected ‘yaml_char_t *’ but argument is of type ‘char *’
     yaml_scalar_event_initialize(yaml_event_t *event,
     ^
    ext/_yaml.c:16169:5: warning: pointer targets in passing argument 3 of ‘yaml_scalar_event_initialize’ differ in signedness [-Wpointer-sign]
         __pyx_t_2 = ((yaml_scalar_event_initialize(__pyx_v_event, __pyx_v_anchor, __pyx_v_tag, __pyx_v_value, __pyx_v_length, __pyx_v_plain_implicit, __pyx_v_quoted_implicit, __pyx_v_scalar_style) == 0) != 0);
         ^
    In file included from ext/_yaml.h:2:0,
                     from ext/_yaml.c:271:
    /usr/include/yaml.h:578:1: note: expected ‘yaml_char_t *’ but argument is of type ‘char *’
     yaml_scalar_event_initialize(yaml_event_t *event,
     ^
    ext/_yaml.c:16169:5: warning: pointer targets in passing argument 4 of ‘yaml_scalar_event_initialize’ differ in signedness [-Wpointer-sign]
         __pyx_t_2 = ((yaml_scalar_event_initialize(__pyx_v_event, __pyx_v_anchor, __pyx_v_tag, __pyx_v_value, __pyx_v_length, __pyx_v_plain_implicit, __pyx_v_quoted_implicit, __pyx_v_scalar_style) == 0) != 0);
         ^
    In file included from ext/_yaml.h:2:0,
                     from ext/_yaml.c:271:
    /usr/include/yaml.h:578:1: note: expected ‘yaml_char_t *’ but argument is of type ‘char *’
     yaml_scalar_event_initialize(yaml_event_t *event,
     ^
    ext/_yaml.c:16603:5: warning: pointer targets in passing argument 2 of ‘yaml_sequence_start_event_initialize’ differ in signedness [-Wpointer-sign]
         __pyx_t_3 = ((yaml_sequence_start_event_initialize(__pyx_v_event, __pyx_v_anchor, __pyx_v_tag, __pyx_v_implicit, __pyx_v_sequence_style) == 0) != 0);
         ^
    In file included from ext/_yaml.h:2:0,
                     from ext/_yaml.c:271:
    /usr/include/yaml.h:601:1: note: expected ‘yaml_char_t *’ but argument is of type ‘char *’
     yaml_sequence_start_event_initialize(yaml_event_t *event,
     ^
    ext/_yaml.c:16603:5: warning: pointer targets in passing argument 3 of ‘yaml_sequence_start_event_initialize’ differ in signedness [-Wpointer-sign]
         __pyx_t_3 = ((yaml_sequence_start_event_initialize(__pyx_v_event, __pyx_v_anchor, __pyx_v_tag, __pyx_v_implicit, __pyx_v_sequence_style) == 0) != 0);
         ^
    In file included from ext/_yaml.h:2:0,
                     from ext/_yaml.c:271:
    /usr/include/yaml.h:601:1: note: expected ‘yaml_char_t *’ but argument is of type ‘char *’
     yaml_sequence_start_event_initialize(yaml_event_t *event,
     ^
    ext/_yaml.c:17037:5: warning: pointer targets in passing argument 2 of ‘yaml_mapping_start_event_initialize’ differ in signedness [-Wpointer-sign]
         __pyx_t_2 = ((yaml_mapping_start_event_initialize(__pyx_v_event, __pyx_v_anchor, __pyx_v_tag, __pyx_v_implicit, __pyx_v_mapping_style) == 0) != 0);
         ^
    In file included from ext/_yaml.h:2:0,
                     from ext/_yaml.c:271:
    /usr/include/yaml.h:633:1: note: expected ‘yaml_char_t *’ but argument is of type ‘char *’
     yaml_mapping_start_event_initialize(yaml_event_t *event,
     ^
    ext/_yaml.c:17037:5: warning: pointer targets in passing argument 3 of ‘yaml_mapping_start_event_initialize’ differ in signedness [-Wpointer-sign]
         __pyx_t_2 = ((yaml_mapping_start_event_initialize(__pyx_v_event, __pyx_v_anchor, __pyx_v_tag, __pyx_v_implicit, __pyx_v_mapping_style) == 0) != 0);
         ^
    In file included from ext/_yaml.h:2:0,
                     from ext/_yaml.c:271:
    /usr/include/yaml.h:633:1: note: expected ‘yaml_char_t *’ but argument is of type ‘char *’
     yaml_mapping_start_event_initialize(yaml_event_t *event,
     ^
    ext/_yaml.c: In function ‘__pyx_pf_5_yaml_8CEmitter_12serialize’:
    ext/_yaml.c:18516:42: warning: pointer targets in assignment differ in signedness [-Wpointer-sign]
           __pyx_v_tag_directives_end->handle = PyString_AS_STRING(__pyx_v_handle);
                                              ^
    ext/_yaml.c:18631:42: warning: pointer targets in assignment differ in signedness [-Wpointer-sign]
           __pyx_v_tag_directives_end->prefix = PyString_AS_STRING(__pyx_v_prefix);
                                              ^
    ext/_yaml.c: In function ‘__pyx_f_5_yaml_8CEmitter__serialize_node’:
    ext/_yaml.c:19491:5: warning: pointer targets in passing argument 2 of ‘yaml_alias_event_initialize’ differ in signedness [-Wpointer-sign]
         __pyx_t_2 = ((yaml_alias_event_initialize((&__pyx_v_event), __pyx_v_anchor) == 0) != 0);
         ^
    In file included from ext/_yaml.h:2:0,
                     from ext/_yaml.c:271:
    /usr/include/yaml.h:553:1: note: expected ‘yaml_char_t *’ but argument is of type ‘char *’
     yaml_alias_event_initialize(yaml_event_t *event, yaml_char_t *anchor);
     ^
    ext/_yaml.c:20240:7: warning: pointer targets in passing argument 2 of ‘yaml_scalar_event_initialize’ differ in signedness [-Wpointer-sign]
           __pyx_t_2 = ((yaml_scalar_event_initialize((&__pyx_v_event), __pyx_v_anchor, __pyx_v_tag, __pyx_v_value, __pyx_v_length, __pyx_v_plain_implicit, __pyx_v_quoted_implicit, __pyx_v_scalar_style) == 0) != 0);
           ^
    In file included from ext/_yaml.h:2:0,
                     from ext/_yaml.c:271:
    /usr/include/yaml.h:578:1: note: expected ‘yaml_char_t *’ but argument is of type ‘char *’
     yaml_scalar_event_initialize(yaml_event_t *event,
     ^
    ext/_yaml.c:20240:7: warning: pointer targets in passing argument 3 of ‘yaml_scalar_event_initialize’ differ in signedness [-Wpointer-sign]
           __pyx_t_2 = ((yaml_scalar_event_initialize((&__pyx_v_event), __pyx_v_anchor, __pyx_v_tag, __pyx_v_value, __pyx_v_length, __pyx_v_plain_implicit, __pyx_v_quoted_implicit, __pyx_v_scalar_style) == 0) != 0);
           ^
    In file included from ext/_yaml.h:2:0,
                     from ext/_yaml.c:271:
    /usr/include/yaml.h:578:1: note: expected ‘yaml_char_t *’ but argument is of type ‘char *’
     yaml_scalar_event_initialize(yaml_event_t *event,
     ^
    ext/_yaml.c:20240:7: warning: pointer targets in passing argument 4 of ‘yaml_scalar_event_initialize’ differ in signedness [-Wpointer-sign]
           __pyx_t_2 = ((yaml_scalar_event_initialize((&__pyx_v_event), __pyx_v_anchor, __pyx_v_tag, __pyx_v_value, __pyx_v_length, __pyx_v_plain_implicit, __pyx_v_quoted_implicit, __pyx_v_scalar_style) == 0) != 0);
           ^
    In file included from ext/_yaml.h:2:0,
                     from ext/_yaml.c:271:
    /usr/include/yaml.h:578:1: note: expected ‘yaml_char_t *’ but argument is of type ‘char *’
     yaml_scalar_event_initialize(yaml_event_t *event,
     ^
    ext/_yaml.c:20605:7: warning: pointer targets in passing argument 2 of ‘yaml_sequence_start_event_initialize’ differ in signedness [-Wpointer-sign]
           __pyx_t_2 = ((yaml_sequence_start_event_initialize((&__pyx_v_event), __pyx_v_anchor, __pyx_v_tag, __pyx_v_implicit, __pyx_v_sequence_style) == 0) != 0);
           ^
    In file included from ext/_yaml.h:2:0,
                     from ext/_yaml.c:271:
    /usr/include/yaml.h:601:1: note: expected ‘yaml_char_t *’ but argument is of type ‘char *’
     yaml_sequence_start_event_initialize(yaml_event_t *event,
     ^
    ext/_yaml.c:20605:7: warning: pointer targets in passing argument 3 of ‘yaml_sequence_start_event_initialize’ differ in signedness [-Wpointer-sign]
           __pyx_t_2 = ((yaml_sequence_start_event_initialize((&__pyx_v_event), __pyx_v_anchor, __pyx_v_tag, __pyx_v_implicit, __pyx_v_sequence_style) == 0) != 0);
           ^
    In file included from ext/_yaml.h:2:0,
                     from ext/_yaml.c:271:
    /usr/include/yaml.h:601:1: note: expected ‘yaml_char_t *’ but argument is of type ‘char *’
     yaml_sequence_start_event_initialize(yaml_event_t *event,
     ^
    ext/_yaml.c:21113:7: warning: pointer targets in passing argument 2 of ‘yaml_mapping_start_event_initialize’ differ in signedness [-Wpointer-sign]
           __pyx_t_2 = ((yaml_mapping_start_event_initialize((&__pyx_v_event), __pyx_v_anchor, __pyx_v_tag, __pyx_v_implicit, __pyx_v_mapping_style) == 0) != 0);
           ^
    In file included from ext/_yaml.h:2:0,
                     from ext/_yaml.c:271:
    /usr/include/yaml.h:633:1: note: expected ‘yaml_char_t *’ but argument is of type ‘char *’
     yaml_mapping_start_event_initialize(yaml_event_t *event,
     ^
    ext/_yaml.c:21113:7: warning: pointer targets in passing argument 3 of ‘yaml_mapping_start_event_initialize’ differ in signedness [-Wpointer-sign]
           __pyx_t_2 = ((yaml_mapping_start_event_initialize((&__pyx_v_event), __pyx_v_anchor, __pyx_v_tag, __pyx_v_implicit, __pyx_v_mapping_style) == 0) != 0);
           ^
    In file included from ext/_yaml.h:2:0,
                     from ext/_yaml.c:271:
    /usr/include/yaml.h:633:1: note: expected ‘yaml_char_t *’ but argument is of type ‘char *’
     yaml_mapping_start_event_initialize(yaml_event_t *event,
     ^
    x86_64-linux-gnu-gcc -pthread -shared -Wl,-O1 -Wl,-Bsymbolic-functions -Wl,-Bsymbolic-functions -Wl,-z,relro -fno-strict-aliasing -DNDEBUG -g -fwrapv -O2 -Wall -Wstrict-prototypes -D_FORTIFY_SOURCE=2 -g -fstack-protector --param=ssp-buffer-size=4 -Wformat -Werror=format-security build/temp.linux-x86_64-2.7/ext/_yaml.o -lyaml -o build/lib.linux-x86_64-2.7/_yaml.so
    
Successfully installed PyYAML
Cleaning up...
